This is pdfTeX, Version 3.1415926-1.40.10 (TeX Live 2009/Debian) (format=pdflatex 2012.7.14)  7 JUN 2013 22:33
entering extended mode
 %&-line parsing enabled.
**code.tex
(./code.tex
LaTeX2e <2009/09/24>
Babel <v3.8l> and hyphenation patterns for english, usenglishmax, dumylang, noh
yphenation, loaded.

! LaTeX Error: Environment singlespace undefined.

See the LaTeX manual or LaTeX Companion for explanation.
Type  H <return>  for immediate help.
 ...                                              
                                                  
l.9 \begin{singlespace}
                       
Your command was ignored.
Type  I <command> <return>  to replace it with another command,
or  <return>  to continue without it.


! LaTeX Error: Environment small undefined.

See the LaTeX manual or LaTeX Companion for explanation.
Type  H <return>  for immediate help.
 ...                                              
                                                  
l.10 \begin{small}
                  
Your command was ignored.
Type  I <command> <return>  to replace it with another command,
or  <return>  to continue without it.


! LaTeX Error: Missing \begin{document}.

See the LaTeX manual or LaTeX Companion for explanation.
Type  H <return>  for immediate help.
 ...                                              
                                                  
l.11 \begin{verbatim}
                     
You're in trouble here.  Try typing  <return>  to proceed.
If that doesn't work, type  X <return>  to quit.


Overfull \hbox (20.0pt too wide) in paragraph at lines 11--11
[] 
 []


Overfull \hbox (131.24886pt too wide) in paragraph at lines 489--489
[]\OT1/cmtt/m/n/10 'Flow Sensor Interface V2[] 
 []


Overfull \hbox (120.74895pt too wide) in paragraph at lines 489--489
[]\OT1/cmtt/m/n/10 'Written by James Kelly[] 
 []


Overfull \hbox (199.49826pt too wide) in paragraph at lines 489--489
[]\OT1/cmtt/m/n/10 'Surface and Terrestrial Processes Lab[] 
 []


Overfull \hbox (57.7495pt too wide) in paragraph at lines 489--489
[]\OT1/cmtt/m/n/10 'April 2008[] 
 []


Overfull \hbox (5.24995pt too wide) in paragraph at lines 489--489
[]\OT1/cmtt/m/n/10 '[] 
 []


Overfull \hbox (283.49753pt too wide) in paragraph at lines 489--489
[]\OT1/cmtt/m/n/10 'This is an interface driver that reads data from LPT1[] 
 []


Overfull \hbox (215.24812pt too wide) in paragraph at lines 489--489
[]\OT1/cmtt/m/n/10 'on Data Pin 1 from a rotary flow sensor.[] 
 []


Overfull \hbox (314.99725pt too wide) in paragraph at lines 489--489
[]\OT1/cmtt/m/n/10 'RSTimer1 is for time stamp generation at 0.1 sec resolution
[] 
 []


Overfull \hbox (304.49734pt too wide) in paragraph at lines 489--489
[]\OT1/cmtt/m/n/10 'RSTimer2 is for frequency calculation at 1 sec resolution[]
 
 []


Overfull \hbox (398.99652pt too wide) in paragraph at lines 489--489
[]\OT1/cmtt/m/n/10 'RSTimer3 is for edge counting from the flow sensor signal a
t 1ms resolution[] 
 []


Overfull \hbox (383.24666pt too wide) in paragraph at lines 489--489
[]\OT1/cmtt/m/n/10 'RSTimerFlow is for flow specific time management only durin
g flow events[] 
 []


Overfull \hbox (78.74931pt too wide) in paragraph at lines 489--489
[]\OT1/cmtt/m/n/10 Option Explicit[] 
 []


Overfull \hbox (215.24812pt too wide) in paragraph at lines 489--489
[]\OT1/cmtt/m/n/10 'Subs to establish Parallel Port commands[] 
 []


Overfull \hbox (225.74803pt too wide) in paragraph at lines 489--489
[]\OT1/cmtt/m/n/10 Private Declare Sub vbOut Lib "WIN95IO.DLL"[] 
 []


Overfull \hbox (251.9978pt too wide) in paragraph at lines 489--489
[]\OT1/cmtt/m/n/10 (ByVal nPort As Integer, ByVal nData As Integer)[] 
 []


Overfull \hbox (230.99799pt too wide) in paragraph at lines 489--489
[]\OT1/cmtt/m/n/10 Private Declare Sub vbOutw Lib "WIN95IO.DLL"[] 
 []


Overfull \hbox (251.9978pt too wide) in paragraph at lines 489--489
[]\OT1/cmtt/m/n/10 (ByVal nPort As Integer, ByVal nData As Integer)[] 
 []


Overfull \hbox (251.9978pt too wide) in paragraph at lines 489--489
[]\OT1/cmtt/m/n/10 Private Declare Function vbInp Lib "WIN95IO.DLL"[] 
 []


Overfull \hbox (183.7484pt too wide) in paragraph at lines 489--489
[]\OT1/cmtt/m/n/10 (ByVal nPort As Integer) As Integer[] 
 []


Overfull \hbox (257.24776pt too wide) in paragraph at lines 489--489
[]\OT1/cmtt/m/n/10 Private Declare Function vbInpw Lib "WIN95IO.DLL"[] 
 []


Overfull \hbox (183.7484pt too wide) in paragraph at lines 489--489
[]\OT1/cmtt/m/n/10 (ByVal nPort As Integer) As Integer[] 
 []


Overfull \hbox (99.74913pt too wide) in paragraph at lines 489--489
[]\OT1/cmtt/m/n/10 'output data arrays[] 
 []


Overfull \hbox (146.99872pt too wide) in paragraph at lines 489--489
[]\OT1/cmtt/m/n/10 Private flowData() As Double[] 
 []


Overfull \hbox (146.99872pt too wide) in paragraph at lines 489--489
[]\OT1/cmtt/m/n/10 Private timeData() As Double[] 
 []


Overfull \hbox (152.24867pt too wide) in paragraph at lines 489--489
[]\OT1/cmtt/m/n/10 Private timeStamp() As String[] 
 []


Overfull \hbox (162.74858pt too wide) in paragraph at lines 489--489
[]\OT1/cmtt/m/n/10 Private cumFlowData() As Double[] 
 []


Overfull \hbox (89.24922pt too wide) in paragraph at lines 489--489
[]\OT1/cmtt/m/n/10 'timekeeping vars[] 
 []


Overfull \hbox (304.49734pt too wide) in paragraph at lines 489--489
[]\OT1/cmtt/m/n/10 Private msec As Long, sec As Long, min As Long, hr As Long[]
 
 []


Overfull \hbox (257.24776pt too wide) in paragraph at lines 489--489
[]\OT1/cmtt/m/n/10 Private fmsec As Long, fsec As Long, fmin As Long[] 
 []


Overfull \hbox (120.74895pt too wide) in paragraph at lines 489--489
[]\OT1/cmtt/m/n/10 Private tStmp As Double[] 
 []


Overfull \hbox (267.74767pt too wide) in paragraph at lines 489--489
[]\OT1/cmtt/m/n/10 Private fTime As Double, calibrationConst As Double[] 
 []


Overfull \hbox (83.99927pt too wide) in paragraph at lines 489--489
[]\OT1/cmtt/m/n/10 'operating flags[] 
 []


Overfull \hbox (146.99872pt too wide) in paragraph at lines 489--489
[]\OT1/cmtt/m/n/10 Private outToggle As Boolean[] 
 []


Overfull \hbox (351.74693pt too wide) in paragraph at lines 489--489
[]\OT1/cmtt/m/n/10 Private activeFlag As Boolean, launchTim As Date, flowON As 
Boolean[] 
 []


Overfull \hbox (141.74876pt too wide) in paragraph at lines 489--489
[]\OT1/cmtt/m/n/10 Private saveFlag As Boolean[] 
 []


Overfull \hbox (73.49936pt too wide) in paragraph at lines 489--489
[]\OT1/cmtt/m/n/10 'sampling vars[] 
 []


Overfull \hbox (89.24922pt too wide) in paragraph at lines 489--489
[]\OT1/cmtt/m/n/10 Private i As Long[] 
 []


Overfull \hbox (141.74876pt too wide) in paragraph at lines 489--489
[]\OT1/cmtt/m/n/10 Private freqCount As Double[] 
 []


Overfull \hbox (267.74767pt too wide) in paragraph at lines 489--489
[]\OT1/cmtt/m/n/10 Private edgeDetect As Integer, deltaEdge As Integer[] 
 []


Overfull \hbox (204.74821pt too wide) in paragraph at lines 489--489
[]\OT1/cmtt/m/n/10 Private cumF As Double, currF As Double[] 
 []


Overfull \hbox (136.49881pt too wide) in paragraph at lines 489--489
[]\OT1/cmtt/m/n/10 'File and calibration vars[] 
 []


Overfull \hbox (125.9989pt too wide) in paragraph at lines 489--489
[]\OT1/cmtt/m/n/10 Private volume As Double[] 
 []


Overfull \hbox (152.24867pt too wide) in paragraph at lines 489--489
[]\OT1/cmtt/m/n/10 Private portNumber As Integer[] 
 []


Overfull \hbox (304.49734pt too wide) in paragraph at lines 489--489
[]\OT1/cmtt/m/n/10 Private Units As Boolean 'Imperical = False, Metric = True[]
 
 []


Overfull \hbox (141.74876pt too wide) in paragraph at lines 489--489
[]\OT1/cmtt/m/n/10 'Front Panel Initialization[] 
 []


Overfull \hbox (120.74895pt too wide) in paragraph at lines 489--489
[]\OT1/cmtt/m/n/10 Private Sub Form_Load()[] 
 []


Overfull \hbox (94.49918pt too wide) in paragraph at lines 489--489
[]\OT1/cmtt/m/n/10 activeFlag = False[] 
 []


Overfull \hbox (83.99927pt too wide) in paragraph at lines 489--489
[]\OT1/cmtt/m/n/10 'Clock intialize[] 
 []


Overfull \hbox (41.99963pt too wide) in paragraph at lines 489--489
[]\OT1/cmtt/m/n/10 msec = 0[] 
 []


Overfull \hbox (36.74968pt too wide) in paragraph at lines 489--489
[]\OT1/cmtt/m/n/10 sec = 0[] 
 []


Overfull \hbox (36.74968pt too wide) in paragraph at lines 489--489
[]\OT1/cmtt/m/n/10 min = 0[] 
 []


Overfull \hbox (31.49973pt too wide) in paragraph at lines 489--489
[]\OT1/cmtt/m/n/10 hr = 0[] 
 []


Overfull \hbox (115.499pt too wide) in paragraph at lines 489--489
[]\OT1/cmtt/m/n/10 'flow clock initialize[] 
 []


Overfull \hbox (47.24959pt too wide) in paragraph at lines 489--489
[]\OT1/cmtt/m/n/10 fmsec = 0[] 
 []


Overfull \hbox (41.99963pt too wide) in paragraph at lines 489--489
[]\OT1/cmtt/m/n/10 fsec = 0[] 
 []


Overfull \hbox (41.99963pt too wide) in paragraph at lines 489--489
[]\OT1/cmtt/m/n/10 fmin = 0[] 
 []


Overfull \hbox (47.24959pt too wide) in paragraph at lines 489--489
[]\OT1/cmtt/m/n/10 tStmp = 0[] 
 []


Overfull \hbox (115.499pt too wide) in paragraph at lines 489--489
[]\OT1/cmtt/m/n/10 et.Caption = "0:0:0.0"[] 
 []


Overfull \hbox (68.2494pt too wide) in paragraph at lines 489--489
[]\OT1/cmtt/m/n/10 sr.Text = "1"[] 
 []


Overfull \hbox (83.99927pt too wide) in paragraph at lines 489--489
[]\OT1/cmtt/m/n/10 cf.Caption = "0"[] 
 []


Overfull \hbox (78.74931pt too wide) in paragraph at lines 489--489
[]\OT1/cmtt/m/n/10 lt.Caption = ""[] 
 []


Overfull \hbox (78.74931pt too wide) in paragraph at lines 489--489
[]\OT1/cmtt/m/n/10 ft.Caption = ""[] 
 []


Overfull \hbox (110.24904pt too wide) in paragraph at lines 489--489
[]\OT1/cmtt/m/n/10 cumFlow.Caption = "0"[] 
 []


Overfull \hbox (73.49936pt too wide) in paragraph at lines 489--489
[]\OT1/cmtt/m/n/10 flowON = False[] 
 []


Overfull \hbox (47.24959pt too wide) in paragraph at lines 489--489
[]\OT1/cmtt/m/n/10 currF = 0[] 
 []


Overfull \hbox (41.99963pt too wide) in paragraph at lines 489--489
[]\OT1/cmtt/m/n/10 cumF = 0[] 
 []


Overfull \hbox (141.74876pt too wide) in paragraph at lines 489--489
[]\OT1/cmtt/m/n/10 cConstant.Text = "0.005766"[] 
 []


Overfull \hbox (120.74895pt too wide) in paragraph at lines 489--489
[]\OT1/cmtt/m/n/10 cmdStop.Enabled = False[] 
 []


Overfull \hbox (125.9989pt too wide) in paragraph at lines 489--489
[]\OT1/cmtt/m/n/10 cmdReset.Enabled = False[] 
 []


Overfull \hbox (78.74931pt too wide) in paragraph at lines 489--489
[]\OT1/cmtt/m/n/10 saveFlag = True[] 
 []


Overfull \hbox (83.99927pt too wide) in paragraph at lines 489--489
[]\OT1/cmtt/m/n/10 portNumber = 957[] 
 []


Overfull \hbox (199.49826pt too wide) in paragraph at lines 489--489
[]\OT1/cmtt/m/n/10 'initialize frequency measurement vars[] 
 []


Overfull \hbox (73.49936pt too wide) in paragraph at lines 489--489
[]\OT1/cmtt/m/n/10 edgeDetect = 0[] 
 []


Overfull \hbox (68.2494pt too wide) in paragraph at lines 489--489
[]\OT1/cmtt/m/n/10 deltaEdge = 0[] 
 []


Overfull \hbox (68.2494pt too wide) in paragraph at lines 489--489
[]\OT1/cmtt/m/n/10 freqCount = 0[] 
 []


Overfull \hbox (157.49863pt too wide) in paragraph at lines 489--489
[]\OT1/cmtt/m/n/10 'Intialize intervals of timers[] 
 []


Overfull \hbox (188.99835pt too wide) in paragraph at lines 489--489
[]\OT1/cmtt/m/n/10 RSTimer1.Interval = 100     '0.1 sec[] 
 []


Overfull \hbox (178.49844pt too wide) in paragraph at lines 489--489
[]\OT1/cmtt/m/n/10 RSTimer2.Interval = 1000    '1 sec[] 
 []


Overfull \hbox (167.99854pt too wide) in paragraph at lines 489--489
[]\OT1/cmtt/m/n/10 RSTimer3.Interval = 1       '1ms[] 
 []


Overfull \hbox (136.49881pt too wide) in paragraph at lines 489--489
[]\OT1/cmtt/m/n/10 RSTimerFlow.Interval = 100[] 
 []


Overfull \hbox (141.74876pt too wide) in paragraph at lines 489--489
[]\OT1/cmtt/m/n/10 RSTimerFlow.Enabled = False[] 
 []


Overfull \hbox (36.74968pt too wide) in paragraph at lines 489--489
[]\OT1/cmtt/m/n/10 End Sub[] 
 []


! LaTeX Error: The font size command \normalsize is not defined:
               there is probably something wrong with the class file.

See the LaTeX manual or LaTeX Companion for explanation.
Type  H <return>  for immediate help.
 ...                                              
                                                  
l.489 \end{verbatim}
                    
Your command was ignored.
Type  I <command> <return>  to replace it with another command,
or  <return>  to continue without it.

[1{/var/lib/texmf/fonts/map/pdftex/updmap/pdftex.map}]
Overfull \hbox (78.74931pt too wide) in paragraph at lines 489--489
[]\OT1/cmtt/m/n/10 'Launch for DAQ[] 
 []


Overfull \hbox (152.24867pt too wide) in paragraph at lines 489--489
[]\OT1/cmtt/m/n/10 Private Sub cmdLaunch_Click()[] 
 []


Overfull \hbox (68.2494pt too wide) in paragraph at lines 489--489
[]        \OT1/cmtt/m/n/10 i = 0[] 
 []


Overfull \hbox (94.49918pt too wide) in paragraph at lines 489--489
[]        \OT1/cmtt/m/n/10 Call Reset[] 
 []


Overfull \hbox (162.74858pt too wide) in paragraph at lines 489--489
[]        \OT1/cmtt/m/n/10 RSTimer1.Enabled = True[] 
 []


Overfull \hbox (162.74858pt too wide) in paragraph at lines 489--489
[]        \OT1/cmtt/m/n/10 RSTimer2.Enabled = True[] 
 []


Overfull \hbox (204.74821pt too wide) in paragraph at lines 489--489
[]        \OT1/cmtt/m/n/10 lt.Caption = Time & "  " & Date[] 
 []


Overfull \hbox (131.24886pt too wide) in paragraph at lines 489--489
[]        \OT1/cmtt/m/n/10 activeFlag = True[] 
 []


Overfull \hbox (125.9989pt too wide) in paragraph at lines 489--489
[]        \OT1/cmtt/m/n/10 saveFlag = False[] 
 []


Overfull \hbox (115.499pt too wide) in paragraph at lines 489--489
[]        \OT1/cmtt/m/n/10 flowON = False[] 
 []


Overfull \hbox (188.99835pt too wide) in paragraph at lines 489--489
[]        \OT1/cmtt/m/n/10 cmdCalibrate.Enabled = False[] 
 []


Overfull \hbox (173.24849pt too wide) in paragraph at lines 489--489
[]        \OT1/cmtt/m/n/10 cmdLaunch.Enabled = False[] 
 []


Overfull \hbox (162.74858pt too wide) in paragraph at lines 489--489
[]        \OT1/cmtt/m/n/10 cmdQuit.Enabled = False[] 
 []


Overfull \hbox (157.49863pt too wide) in paragraph at lines 489--489
[]        \OT1/cmtt/m/n/10 cmdStop.Enabled = True[] 
 []


Overfull \hbox (162.74858pt too wide) in paragraph at lines 489--489
[]        \OT1/cmtt/m/n/10 cmdReset.Enabled = True[] 
 []


Overfull \hbox (52.49954pt too wide) in paragraph at lines 489--489
[]        \OT1/cmtt/m/n/10 Do[] 
 []


Overfull \hbox (83.99927pt too wide) in paragraph at lines 489--489
[]        \OT1/cmtt/m/n/10 DoEvents[] 
 []


Overfull \hbox (157.49863pt too wide) in paragraph at lines 489--489
[]        \OT1/cmtt/m/n/10 If freqCount <> 0 Then[] 
 []


Overfull \hbox (199.49826pt too wide) in paragraph at lines 489--489
[]            \OT1/cmtt/m/n/10 RSTimerFlow.Enabled = True[] 
 []


Overfull \hbox (272.99762pt too wide) in paragraph at lines 489--489
[]            \OT1/cmtt/m/n/10 If flowON <> True Then fs.Caption = Time[] 
 []


Overfull \hbox (131.24886pt too wide) in paragraph at lines 489--489
[]            \OT1/cmtt/m/n/10 flowON = True[] 
 []


Overfull \hbox (73.49936pt too wide) in paragraph at lines 489--489
[]        \OT1/cmtt/m/n/10 End If[] 
 []


Overfull \hbox (299.24739pt too wide) in paragraph at lines 489--489
[]        \OT1/cmtt/m/n/10 If freqCount = 0 Then RSTimerFlow.Enabled = False[] 

 []


Overfull \hbox (194.2483pt too wide) in paragraph at lines 489--489
[]        \OT1/cmtt/m/n/10 Loop Until activeFlag = False[] 
 []


Overfull \hbox (183.7484pt too wide) in paragraph at lines 489--489
[]        \OT1/cmtt/m/n/10 cmdCalibrate.Enabled = True[] 
 []


Overfull \hbox (167.99854pt too wide) in paragraph at lines 489--489
[]        \OT1/cmtt/m/n/10 cmdLaunch.Enabled = True[] 
 []


Overfull \hbox (157.49863pt too wide) in paragraph at lines 489--489
[]        \OT1/cmtt/m/n/10 cmdQuit.Enabled = True[] 
 []


Overfull \hbox (162.74858pt too wide) in paragraph at lines 489--489
[]        \OT1/cmtt/m/n/10 cmdStop.Enabled = False[] 
 []


Overfull \hbox (162.74858pt too wide) in paragraph at lines 489--489
[]        \OT1/cmtt/m/n/10 cmdReset.Enabled = True[] 
 []


Overfull \hbox (36.74968pt too wide) in paragraph at lines 489--489
[]\OT1/cmtt/m/n/10 End Sub[] 
 []


Overfull \hbox (115.499pt too wide) in paragraph at lines 489--489
[]\OT1/cmtt/m/n/10 'Time stamp generation[] 
 []


Overfull \hbox (146.99872pt too wide) in paragraph at lines 489--489
[]\OT1/cmtt/m/n/10 Private Sub RSTimer1_Timer()[] 
 []


Overfull \hbox (209.99817pt too wide) in paragraph at lines 489--489
[]\OT1/cmtt/m/n/10 'Nested If counts out for a time display[] 
 []


Overfull \hbox (78.74931pt too wide) in paragraph at lines 489--489
[]\OT1/cmtt/m/n/10 msec = msec + 1[] 
 []


Overfull \hbox (83.99927pt too wide) in paragraph at lines 489--489
[]\OT1/cmtt/m/n/10 If msec > 9 Then[] 
 []


Overfull \hbox (41.99963pt too wide) in paragraph at lines 489--489
[]\OT1/cmtt/m/n/10 msec = 0[] 
 []


Overfull \hbox (68.2494pt too wide) in paragraph at lines 489--489
[]\OT1/cmtt/m/n/10 sec = sec + 1[] 
 []


Overfull \hbox (83.99927pt too wide) in paragraph at lines 489--489
[]\OT1/cmtt/m/n/10 If sec > 59 Then[] 
 []


Overfull \hbox (36.74968pt too wide) in paragraph at lines 489--489
[]\OT1/cmtt/m/n/10 sec = 0[] 
 []


Overfull \hbox (68.2494pt too wide) in paragraph at lines 489--489
[]\OT1/cmtt/m/n/10 min = min + 1[] 
 []


Overfull \hbox (83.99927pt too wide) in paragraph at lines 489--489
[]\OT1/cmtt/m/n/10 If min > 59 Then[] 
 []


Overfull \hbox (36.74968pt too wide) in paragraph at lines 489--489
[]\OT1/cmtt/m/n/10 min = 0[] 
 []


Overfull \hbox (57.7495pt too wide) in paragraph at lines 489--489
[]\OT1/cmtt/m/n/10 hr = hr + 1[] 
 []


Overfull \hbox (31.49973pt too wide) in paragraph at lines 489--489
[]\OT1/cmtt/m/n/10 End If[] 
 []


Overfull \hbox (31.49973pt too wide) in paragraph at lines 489--489
[]\OT1/cmtt/m/n/10 End If[] 
 []


Overfull \hbox (31.49973pt too wide) in paragraph at lines 489--489
[]\OT1/cmtt/m/n/10 End If[] 
 []


Overfull \hbox (272.99762pt too wide) in paragraph at lines 489--489
[]\OT1/cmtt/m/n/10 'Double Int time stamp is computed for data handling[] 
 []


Overfull \hbox (136.49881pt too wide) in paragraph at lines 489--489
[]\OT1/cmtt/m/n/10 tStmp = sec + 0.001 * msec[] 
 []


Overfull \hbox (215.24812pt too wide) in paragraph at lines 489--489
[]\OT1/cmtt/m/n/10 'Assemble counters for time visualization[] 
 []


Overfull \hbox (304.49734pt too wide) in paragraph at lines 489--489
[]\OT1/cmtt/m/n/10 et.Caption = CStr(hr & ":" & min & ":" & sec & "." & msec)[]
 
 []


Overfull \hbox (351.74693pt too wide) in paragraph at lines 489--489
[]\OT1/cmtt/m/n/10 '---Insert to test port 1 output response - must test ok at 
1kHz---[] 
 []


Overfull \hbox (131.24886pt too wide) in paragraph at lines 489--489
[]\OT1/cmtt/m/n/10 'If outToggle = True Then[] 
 []


Overfull \hbox (68.2494pt too wide) in paragraph at lines 489--489
[]\OT1/cmtt/m/n/10 'vbOut 888, 0[] 
 []


Overfull \hbox (94.49918pt too wide) in paragraph at lines 489--489
[]\OT1/cmtt/m/n/10 'outToggle = False[] 
 []


Overfull \hbox (26.24977pt too wide) in paragraph at lines 489--489
[]\OT1/cmtt/m/n/10 'Else[] 
 []


Overfull \hbox (68.2494pt too wide) in paragraph at lines 489--489
[]\OT1/cmtt/m/n/10 'vbOut 888, 1[] 
 []


Overfull \hbox (89.24922pt too wide) in paragraph at lines 489--489
[]\OT1/cmtt/m/n/10 'outToggle = True[] 
 []


Overfull \hbox (36.74968pt too wide) in paragraph at lines 489--489
[]\OT1/cmtt/m/n/10 'End If[] 
 []


Overfull \hbox (36.74968pt too wide) in paragraph at lines 489--489
[]\OT1/cmtt/m/n/10 End Sub[] 
 []


Overfull \hbox (236.24794pt too wide) in paragraph at lines 489--489
[]\OT1/cmtt/m/n/10 'Timer for Freq calcuation at 1sec Resolution[] 
 []


Overfull \hbox (146.99872pt too wide) in paragraph at lines 489--489
[]\OT1/cmtt/m/n/10 Private Sub RSTimer2_Timer()[] 
 []


Overfull \hbox (162.74858pt too wide) in paragraph at lines 489--489
[]\OT1/cmtt/m/n/10 'Current Sample Flux Monitoring[] 
 []


Overfull \hbox (230.99799pt too wide) in paragraph at lines 489--489
[]\OT1/cmtt/m/n/10 ts.Caption = CStr(freqCount / CDbl(sr.Text))[] 
 []


Overfull \hbox (120.74895pt too wide) in paragraph at lines 489--489
[]\OT1/cmtt/m/n/10 'Reset sampling counter[] 
 []


Overfull \hbox (68.2494pt too wide) in paragraph at lines 489--489
[]\OT1/cmtt/m/n/10 freqCount = 0[] 
 []


Overfull \hbox (136.49881pt too wide) in paragraph at lines 489--489
[]\OT1/cmtt/m/n/10 'Compute Current Flow Rate[] 
 []


Overfull \hbox (220.49808pt too wide) in paragraph at lines 489--489
[]\OT1/cmtt/m/n/10 currF = 0.0164 * CDbl(ts.Caption) ^ 0.7504[] 
 []


Overfull \hbox (110.24904pt too wide) in paragraph at lines 489--489
[]\OT1/cmtt/m/n/10 'Display Current Flow[] 
 []


Overfull \hbox (125.9989pt too wide) in paragraph at lines 489--489
[]\OT1/cmtt/m/n/10 cf.Caption = CStr(currF)[] 
 []


Overfull \hbox (110.24904pt too wide) in paragraph at lines 489--489
[]\OT1/cmtt/m/n/10 If flowON = True Then[] 
 []


Overfull \hbox (188.99835pt too wide) in paragraph at lines 489--489
[]            \OT1/cmtt/m/n/10 'Compute Cumulative Flow[] 
 []


Overfull \hbox (162.74858pt too wide) in paragraph at lines 489--489
[]            \OT1/cmtt/m/n/10 cumF = currF + cumF[] 
 []


Overfull \hbox (188.99835pt too wide) in paragraph at lines 489--489
[]            \OT1/cmtt/m/n/10 'Display Cumulative Flow[] 
 []


Overfull \hbox (209.99817pt too wide) in paragraph at lines 489--489
[]            \OT1/cmtt/m/n/10 cumFlow.Caption = CStr(cumF)[] 
 []


Overfull \hbox (199.49826pt too wide) in paragraph at lines 489--489
[]            \OT1/cmtt/m/n/10 ReDim Preserve flowData(i)[] 
 []


Overfull \hbox (199.49826pt too wide) in paragraph at lines 489--489
[]            \OT1/cmtt/m/n/10 ReDim Preserve timeData(i)[] 
 []


Overfull \hbox (204.74821pt too wide) in paragraph at lines 489--489
[]            \OT1/cmtt/m/n/10 ReDim Preserve timeStamp(i)[] 
 []


Overfull \hbox (215.24812pt too wide) in paragraph at lines 489--489
[]            \OT1/cmtt/m/n/10 ReDim Preserve cumFlowData(i)[] 
 []


Overfull \hbox (199.49826pt too wide) in paragraph at lines 489--489
[]            \OT1/cmtt/m/n/10 RSTimerFlow.Enabled = True[] 
 []


Overfull \hbox (272.99762pt too wide) in paragraph at lines 489--489
[]            \OT1/cmtt/m/n/10 If flowON <> True Then fs.Caption = Time[] 
 []


Overfull \hbox (131.24886pt too wide) in paragraph at lines 489--489
[]            \OT1/cmtt/m/n/10 flowON = True[] 
 []


Overfull \hbox (241.4979pt too wide) in paragraph at lines 489--489
[]            \OT1/cmtt/m/n/10 'assembling data arrays for export[] 
 []


Overfull \hbox (220.49808pt too wide) in paragraph at lines 489--489
[]            \OT1/cmtt/m/n/10 flowData(i) = CDbl(cf.Caption)[] 
 []


Overfull \hbox (141.74876pt too wide) in paragraph at lines 489--489
[]            \OT1/cmtt/m/n/10 timeData(i) = i[] 
 []


Overfull \hbox (162.74858pt too wide) in paragraph at lines 489--489
[]            \OT1/cmtt/m/n/10 timeStamp(i) = Time[] 
 []


Overfull \hbox (262.49771pt too wide) in paragraph at lines 489--489
[]            \OT1/cmtt/m/n/10 cumFlowData(i) = CDbl(cumFlow.Caption)[] 
 []


Overfull \hbox (178.49844pt too wide) in paragraph at lines 489--489
[]            \OT1/cmtt/m/n/10 'visualization of data[] 
 []


Overfull \hbox (309.7473pt too wide) in paragraph at lines 489--489
[]            \OT1/cmtt/m/n/10 dataOut.Text = dataOut.Text & CStr(timeData(i))[
] 
 []


Overfull \hbox (257.24776pt too wide) in paragraph at lines 489--489
[] \OT1/cmtt/m/n/10 & vbTab & Format$(flowData(i), "0.000") & vbCrLf[] 
 []


Overfull \hbox (110.24904pt too wide) in paragraph at lines 489--489
[]            \OT1/cmtt/m/n/10 i = i + 1[] 
 []


Overfull \hbox (31.49973pt too wide) in paragraph at lines 489--489
[]\OT1/cmtt/m/n/10 End If[] 
 []


Overfull \hbox (36.74968pt too wide) in paragraph at lines 489--489
[]\OT1/cmtt/m/n/10 End Sub[] 
 []


Overfull \hbox (272.99762pt too wide) in paragraph at lines 489--489
[]\OT1/cmtt/m/n/10 'Timer for edge counting of sensor signal at 1ms res[] 
 []


Overfull \hbox (146.99872pt too wide) in paragraph at lines 489--489
[]\OT1/cmtt/m/n/10 Private Sub RSTimer3_Timer()[] 
 []


Overfull \hbox (157.49863pt too wide) in paragraph at lines 489--489
[]\OT1/cmtt/m/n/10 edgeDetect = vbInp(portNumber)[] 
 []


Overfull \hbox (162.74858pt too wide) in paragraph at lines 489--489
[]\OT1/cmtt/m/n/10 If edgeDetect <> deltaEdge Then[] 
 []


Overfull \hbox (152.24867pt too wide) in paragraph at lines 489--489
[]    \OT1/cmtt/m/n/10 freqCount = freqCount + 1[] 
 []


Overfull \hbox (136.49881pt too wide) in paragraph at lines 489--489
[]    \OT1/cmtt/m/n/10 deltaEdge = edgeDetect[] 
 []


Overfull \hbox (31.49973pt too wide) in paragraph at lines 489--489
[]\OT1/cmtt/m/n/10 End If[] 
 []


Overfull \hbox (36.74968pt too wide) in paragraph at lines 489--489
[]\OT1/cmtt/m/n/10 End Sub[] 
 []


Overfull \hbox (162.74858pt too wide) in paragraph at lines 489--489
[]\OT1/cmtt/m/n/10 Private Sub RSTimerFlow_Timer()[] 
 []


Overfull \hbox (346.49698pt too wide) in paragraph at lines 489--489
[]\OT1/cmtt/m/n/10 'This is essentailly a duplication of the main elapsed time 
clock,[] 
 []


Overfull \hbox (162.74858pt too wide) in paragraph at lines 489--489
[]\OT1/cmtt/m/n/10 'but used for flow timing only.[] 
 []


Overfull \hbox (89.24922pt too wide) in paragraph at lines 489--489
[]\OT1/cmtt/m/n/10 fmsec = fmsec + 1[] 
 []


Overfull \hbox (89.24922pt too wide) in paragraph at lines 489--489
[]\OT1/cmtt/m/n/10 If fmsec > 9 Then[] 
 []


Overfull \hbox (47.24959pt too wide) in paragraph at lines 489--489
[]\OT1/cmtt/m/n/10 fmsec = 0[] 
 []


Overfull \hbox (78.74931pt too wide) in paragraph at lines 489--489
[]\OT1/cmtt/m/n/10 fsec = fsec + 1[] 
 []


Overfull \hbox (89.24922pt too wide) in paragraph at lines 489--489
[]\OT1/cmtt/m/n/10 If fsec > 59 Then[] 
 []


Overfull \hbox (41.99963pt too wide) in paragraph at lines 489--489
[]\OT1/cmtt/m/n/10 fsec = 0[] 
 []


Overfull \hbox (78.74931pt too wide) in paragraph at lines 489--489
[]\OT1/cmtt/m/n/10 fmin = fmin + 1[] 
 []


Overfull \hbox (31.49973pt too wide) in paragraph at lines 489--489
[]\OT1/cmtt/m/n/10 End If[] 
 []


Overfull \hbox (31.49973pt too wide) in paragraph at lines 489--489
[]\OT1/cmtt/m/n/10 End If[] 
 []


Overfull \hbox (272.99762pt too wide) in paragraph at lines 489--489
[]\OT1/cmtt/m/n/10 fTime = fmin + 0.016949152542 * fsec + 0.001 * fmsec[] 
 []


Overfull \hbox (241.4979pt too wide) in paragraph at lines 489--489
[]\OT1/cmtt/m/n/10 'Assemble counters for flow time visualization[] 
 []


Overfull \hbox (204.74821pt too wide) in paragraph at lines 489--489
[]\OT1/cmtt/m/n/10 If activeFlag = True Then fft.Caption =[] 
 []


Overfull \hbox (194.2483pt too wide) in paragraph at lines 489--489
[]\OT1/cmtt/m/n/10 CStr(fmin & ":" & fsec & "." & fmsec)[] 
 []


Overfull \hbox (36.74968pt too wide) in paragraph at lines 489--489
[]\OT1/cmtt/m/n/10 End Sub[] 
 []


Overfull \hbox (393.74657pt too wide) in paragraph at lines 489--489
[]\OT1/cmtt/m/n/10 'This resets display data and clears any data remnants in th
e output array.[] 
 []


Overfull \hbox (230.99799pt too wide) in paragraph at lines 489--489
[]\OT1/cmtt/m/n/10 'This is invoked manually or at launch time.[] 
 []


Overfull \hbox (146.99872pt too wide) in paragraph at lines 489--489
[]\OT1/cmtt/m/n/10 Private Sub cmdReset_Click()[] 
 []


Overfull \hbox (99.74913pt too wide) in paragraph at lines 489--489
[]\OT1/cmtt/m/n/10 Dim perg As Integer[] 
 []


Overfull \hbox (125.9989pt too wide) in paragraph at lines 489--489
[]\OT1/cmtt/m/n/10 If saveFlag = False Then[] 
 []


Overfull \hbox (356.99689pt too wide) in paragraph at lines 489--489
[]\OT1/cmtt/m/n/10 perg = MsgBox("Data has not been saved", vbOKCancel, "Data P
urge?!")[] 
 []


Overfull \hbox (152.24867pt too wide) in paragraph at lines 489--489
[]    \OT1/cmtt/m/n/10 If perg = 2 Then Exit Sub[] 
 []


Overfull \hbox (31.49973pt too wide) in paragraph at lines 489--489
[]\OT1/cmtt/m/n/10 End If[] 
 []


Overfull \hbox (78.74931pt too wide) in paragraph at lines 489--489
[]\OT1/cmtt/m/n/10 lt.Caption = ""[] 
 []


Overfull \hbox (78.74931pt too wide) in paragraph at lines 489--489
[]\OT1/cmtt/m/n/10 et.Caption = ""[] 
 []


Overfull \hbox (78.74931pt too wide) in paragraph at lines 489--489
[]\OT1/cmtt/m/n/10 ft.Caption = ""[] 
 []


Overfull \hbox (78.74931pt too wide) in paragraph at lines 489--489
[]\OT1/cmtt/m/n/10 cf.Caption = ""[] 
 []


Overfull \hbox (104.99908pt too wide) in paragraph at lines 489--489
[]\OT1/cmtt/m/n/10 cumFlow.Caption = ""[] 
 []


Overfull \hbox (78.74931pt too wide) in paragraph at lines 489--489
[]\OT1/cmtt/m/n/10 ts.Caption = ""[] 
 []


Overfull \hbox (78.74931pt too wide) in paragraph at lines 489--489
[]\OT1/cmtt/m/n/10 fs.Caption = ""[] 
 []


Overfull \hbox (83.99927pt too wide) in paragraph at lines 489--489
[]\OT1/cmtt/m/n/10 fft.Caption = ""[] 
 []


Overfull \hbox (78.74931pt too wide) in paragraph at lines 489--489
[]\OT1/cmtt/m/n/10 fv.Caption = ""[] 
 []


Overfull \hbox (89.24922pt too wide) in paragraph at lines 489--489
[]\OT1/cmtt/m/n/10 dataOut.Text = ""[] 
 []


Overfull \hbox (47.24959pt too wide) in paragraph at lines 489--489
[]\OT1/cmtt/m/n/10 fmsec = 0[] 
 []


Overfull \hbox (41.99963pt too wide) in paragraph at lines 489--489
[]\OT1/cmtt/m/n/10 fsec = 0[] 
 []


Overfull \hbox (41.99963pt too wide) in paragraph at lines 489--489
[]\OT1/cmtt/m/n/10 fmin = 0[] 
 []


Overfull \hbox (89.24922pt too wide) in paragraph at lines 489--489
[]\OT1/cmtt/m/n/10 ReDim flowData(0)[] 
 []


Overfull \hbox (89.24922pt too wide) in paragraph at lines 489--489
[]\OT1/cmtt/m/n/10 ReDim timeData(0)[] 
 []


Overfull \hbox (94.49918pt too wide) in paragraph at lines 489--489
[]\OT1/cmtt/m/n/10 ReDim timeStamp(0)[] 
 []


Overfull \hbox (104.99908pt too wide) in paragraph at lines 489--489
[]\OT1/cmtt/m/n/10 ReDim cumFlowData(0)[] 
 []


Overfull \hbox (78.74931pt too wide) in paragraph at lines 489--489
[]\OT1/cmtt/m/n/10 saveFlag = True[] 
 []


Overfull \hbox (125.9989pt too wide) in paragraph at lines 489--489
[]\OT1/cmtt/m/n/10 cmdReset.Enabled = False[] 
 []


Overfull \hbox (36.74968pt too wide) in paragraph at lines 489--489
[]\OT1/cmtt/m/n/10 End Sub[] 
 []


Overfull \hbox (141.74876pt too wide) in paragraph at lines 489--489
[]\OT1/cmtt/m/n/10 Private Sub cmdSave_Click()[] 
 []


Overfull \hbox (131.24886pt too wide) in paragraph at lines 489--489
[]\OT1/cmtt/m/n/10 On Error GoTo DialogError[] 
 []


Overfull \hbox (94.49918pt too wide) in paragraph at lines 489--489
[]\OT1/cmtt/m/n/10 With CommonDialog1[] 
 []


Overfull \hbox (120.74895pt too wide) in paragraph at lines 489--489
[]    \OT1/cmtt/m/n/10 .CancelError = True[] 
 []


Overfull \hbox (225.74803pt too wide) in paragraph at lines 489--489
[]    \OT1/cmtt/m/n/10 .Filter = "Exported Data (*.dat)|*.dat"[] 
 []


Overfull \hbox (104.99908pt too wide) in paragraph at lines 489--489
[]    \OT1/cmtt/m/n/10 .FilterIndex = 1[] 
 []


Overfull \hbox (346.49698pt too wide) in paragraph at lines 489--489
[]    \OT1/cmtt/m/n/10 .DialogTitle = "Select a location and name for your data
 file"[] 
 []


Overfull \hbox (68.2494pt too wide) in paragraph at lines 489--489
[]    \OT1/cmtt/m/n/10 .ShowSave[] 
 []


Overfull \hbox (41.99963pt too wide) in paragraph at lines 489--489
[]\OT1/cmtt/m/n/10 End With[] 
 []


Overfull \hbox (68.2494pt too wide) in paragraph at lines 489--489
[]\OT1/cmtt/m/n/10 Dim c As Long[] 
 []


Overfull \hbox (26.24977pt too wide) in paragraph at lines 489--489
[]\OT1/cmtt/m/n/10 c = 0[] 
 []


Overfull \hbox (230.99799pt too wide) in paragraph at lines 489--489
[]\OT1/cmtt/m/n/10 Open CommonDialog1.filename For Output As #1[] 
 []


Overfull \hbox (152.24867pt too wide) in paragraph at lines 489--489
[]\OT1/cmtt/m/n/10 'Write data to filestream....[] 
 []


Overfull \hbox (62.99945pt too wide) in paragraph at lines 489--489
[]\OT1/cmtt/m/n/10 'Header info[] 
 []


Overfull \hbox (278.24757pt too wide) in paragraph at lines 489--489
[]\OT1/cmtt/m/n/10 Print #1, "ASU Surface and Terrestrial Processes Lab"[] 
 []


Overfull \hbox (320.24721pt too wide) in paragraph at lines 489--489
[]\OT1/cmtt/m/n/10 Print #1, "Stormwater discharge simulator flow sensor output
"[] 
 []


Overfull \hbox (152.24867pt too wide) in paragraph at lines 489--489
[]\OT1/cmtt/m/n/10 Print #1, Date & timeStamp(0)[] 
 []


Overfull \hbox (162.74858pt too wide) in paragraph at lines 489--489
[]\OT1/cmtt/m/n/10 Print #1, comment.Text & vbCrLf[] 
 []


Overfull \hbox (267.74767pt too wide) in paragraph at lines 489--489
[]\OT1/cmtt/m/n/10 Print #1, "ElapTime (s)" & vbTab & "Current Flow" &[] 
 []


Overfull \hbox (131.24886pt too wide) in paragraph at lines 489--489
[]\OT1/cmtt/m/n/10 vbTab & "Cumulative Flow"[] 
 []


Overfull \hbox (215.24812pt too wide) in paragraph at lines 489--489
[]\OT1/cmtt/m/n/10 'dump flow data from arrays to filestream[] 
 []


Overfull \hbox (10.49991pt too wide) in paragraph at lines 489--489
[]\OT1/cmtt/m/n/10 Do[] 
 []


Overfull \hbox (272.99762pt too wide) in paragraph at lines 489--489
[]\OT1/cmtt/m/n/10 Print #1, timeStamp(c) & vbTab & timeData(c) & vbTab[] 
 []


Overfull \hbox (251.9978pt too wide) in paragraph at lines 489--489
[]\OT1/cmtt/m/n/10 & Format$(flowData(c), "0.00") & vbTab & Format$[] 
 []


Overfull \hbox (167.99854pt too wide) in paragraph at lines 489--489
[]\OT1/cmtt/m/n/10 (cumFlowData(c), "0.00") & vbTab[] 
 []


Overfull \hbox (47.24959pt too wide) in paragraph at lines 489--489
[]\OT1/cmtt/m/n/10 c = c + 1[] 
 []


Overfull \hbox (83.99927pt too wide) in paragraph at lines 489--489
[]\OT1/cmtt/m/n/10 Loop While c < i[] 
 []


Overfull \hbox (236.24794pt too wide) in paragraph at lines 489--489
[]\OT1/cmtt/m/n/10 If c = 0 Then MsgBox ("No Data was Exported")[] 
 []


Overfull \hbox (78.74931pt too wide) in paragraph at lines 489--489
[]\OT1/cmtt/m/n/10 saveFlag = True[] 
 []


Overfull \hbox (26.24977pt too wide) in paragraph at lines 489--489
[]\OT1/cmtt/m/n/10 Close[] 
 []


Overfull \hbox (62.99945pt too wide) in paragraph at lines 489--489
[]\OT1/cmtt/m/n/10 DialogError:[] 
 []


Overfull \hbox (293.99744pt too wide) in paragraph at lines 489--489
[]\OT1/cmtt/m/n/10 If saveFlag = False Then MsgBox ("No Data was Exported")[] 
 []


Overfull \hbox (36.74968pt too wide) in paragraph at lines 489--489
[]\OT1/cmtt/m/n/10 End Sub[] 
 []


Overfull \hbox (341.24702pt too wide) in paragraph at lines 489--489
[]\OT1/cmtt/m/n/10 'Sub for creating a calibration curve and related linear con
stant[] 
 []


Overfull \hbox (367.4968pt too wide) in paragraph at lines 489--489
[]\OT1/cmtt/m/n/10 'Output calibration data is sent to a default flowCalibrate_
x.dat file[] 
 []


Overfull \hbox (152.24867pt too wide) in paragraph at lines 489--489
[]\OT1/cmtt/m/n/10 'careful - this one's a mess![] 
 []


Overfull \hbox (167.99854pt too wide) in paragraph at lines 489--489
[]\OT1/cmtt/m/n/10 Private Sub cmdCalibrate_Click()[] 
 []


Overfull \hbox (99.74913pt too wide) in paragraph at lines 489--489
[]\OT1/cmtt/m/n/10 'Calibration arrays[] 
 []


Overfull \hbox (120.74895pt too wide) in paragraph at lines 489--489
[]\OT1/cmtt/m/n/10 Dim flowDat() As Double[] 
 []


Overfull \hbox (110.24904pt too wide) in paragraph at lines 489--489
[]\OT1/cmtt/m/n/10 Dim timeDat() As Long[] 
 []


Overfull \hbox (136.49881pt too wide) in paragraph at lines 489--489
[]\OT1/cmtt/m/n/10 'For each variant variable[] 
 []


Overfull \hbox (99.74913pt too wide) in paragraph at lines 489--489
[]\OT1/cmtt/m/n/10 Dim flow As Variant[] 
 []


Overfull \hbox (89.24922pt too wide) in paragraph at lines 489--489
[]\OT1/cmtt/m/n/10 Dim timeD As Long[] 
 []


Overfull \hbox (89.24922pt too wide) in paragraph at lines 489--489
[]\OT1/cmtt/m/n/10 Dim sum As Double[] 
 []


Overfull \hbox (162.74858pt too wide) in paragraph at lines 489--489
[]\OT1/cmtt/m/n/10 Dim c As Integer, cc As Integer[] 
 []


Overfull \hbox (120.74895pt too wide) in paragraph at lines 489--489
[]\OT1/cmtt/m/n/10 Dim strVolume As String[] 
 []


Overfull \hbox (120.74895pt too wide) in paragraph at lines 489--489
[]\OT1/cmtt/m/n/10 Dim dataSave As Integer[] 
 []


Overfull \hbox (83.99927pt too wide) in paragraph at lines 489--489
[]    \OT1/cmtt/m/n/10 dataSave = 1[] 
 []


Overfull \hbox (110.24904pt too wide) in paragraph at lines 489--489
[]\OT1/cmtt/m/n/10 Dim sampleCnt As Long[] 
 []


Overfull \hbox (146.99872pt too wide) in paragraph at lines 489--489
[]\OT1/cmtt/m/n/10 cmdCalibrate.Enabled = False[] 
 []


Overfull \hbox (131.24886pt too wide) in paragraph at lines 489--489
[]\OT1/cmtt/m/n/10 cmdLaunch.Enabled = False[] 
 []


Overfull \hbox (120.74895pt too wide) in paragraph at lines 489--489
[]\OT1/cmtt/m/n/10 cmdQuit.Enabled = False[] 
 []


Overfull \hbox (115.499pt too wide) in paragraph at lines 489--489
[]\OT1/cmtt/m/n/10 cmdStop.Enabled = True[] 
 []


Overfull \hbox (125.9989pt too wide) in paragraph at lines 489--489
[]\OT1/cmtt/m/n/10 cmdReset.Enabled = False[] 
 []


Overfull \hbox (104.99908pt too wide) in paragraph at lines 489--489
[]\OT1/cmtt/m/n/10 cConstant.Text = "1"[] 
 []


Overfull \hbox (89.24922pt too wide) in paragraph at lines 489--489
[]\OT1/cmtt/m/n/10 activeFlag = True[] 
 []


Overfull \hbox (304.49734pt too wide) in paragraph at lines 489--489
[]\OT1/cmtt/m/n/10 strVolume = InputBox("Enter Calibration Volume in Litres",[]
 
 []


Overfull \hbox (146.99872pt too wide) in paragraph at lines 489--489
[] \OT1/cmtt/m/n/10 "Calibration Volume", "50")[] 
 []


Overfull \hbox (178.49844pt too wide) in paragraph at lines 489--489
[]\OT1/cmtt/m/n/10 If IsNumeric(CDbl(strVolume)) Then[] 
 []


Overfull \hbox (146.99872pt too wide) in paragraph at lines 489--489
[]    \OT1/cmtt/m/n/10 volume = CDbl(strVolume)[] 
 []


Overfull \hbox (20.99982pt too wide) in paragraph at lines 489--489
[]\OT1/cmtt/m/n/10 Else[] 
 []


Overfull \hbox (230.99799pt too wide) in paragraph at lines 489--489
[]    \OT1/cmtt/m/n/10 MsgBox ("Entered Value is not a number")[] 
 []


Overfull \hbox (41.99963pt too wide) in paragraph at lines 489--489
[]\OT1/cmtt/m/n/10 Exit Sub[] 
 []


Overfull \hbox (31.49973pt too wide) in paragraph at lines 489--489
[]\OT1/cmtt/m/n/10 End If[] 
 []


Overfull \hbox (146.99872pt too wide) in paragraph at lines 489--489
[]\OT1/cmtt/m/n/10 'management of existing data[] 
 []


Overfull \hbox (367.4968pt too wide) in paragraph at lines 489--489
[]\OT1/cmtt/m/n/10 If saveFlag = False Then dataSave = MsgBox("You may have uns
aved data.[] 
 []


Overfull \hbox (278.24757pt too wide) in paragraph at lines 489--489
[]\OT1/cmtt/m/n/10 Cablibration will clear this. Continue?", vbOKCancel)[] 
 []


Overfull \hbox (104.99908pt too wide) in paragraph at lines 489--489
[]\OT1/cmtt/m/n/10 If dataSave = 1 Then[] 
 []


Overfull \hbox (99.74913pt too wide) in paragraph at lines 489--489
[]    \OT1/cmtt/m/n/10 saveFlag = True[] 
 []


Overfull \hbox (47.24959pt too wide) in paragraph at lines 489--489
[]    \OT1/cmtt/m/n/10 i = 0[] 
 []


Overfull \hbox (20.99982pt too wide) in paragraph at lines 489--489
[]\OT1/cmtt/m/n/10 Else[] 
 []


Overfull \hbox (73.49936pt too wide) in paragraph at lines 489--489
[]      \OT1/cmtt/m/n/10 Exit Sub[] 
 []


Overfull \hbox (31.49973pt too wide) in paragraph at lines 489--489
[]\OT1/cmtt/m/n/10 End If[] 
 []


Overfull \hbox (136.49881pt too wide) in paragraph at lines 489--489
[]\OT1/cmtt/m/n/10 RSTimerFlow.Enabled = True[] 
 []


Overfull \hbox (68.2494pt too wide) in paragraph at lines 489--489
[]        \OT1/cmtt/m/n/10 i = 0[] 
 []


Overfull \hbox (94.49918pt too wide) in paragraph at lines 489--489
[]        \OT1/cmtt/m/n/10 Call Reset[] 
 []


Overfull \hbox (162.74858pt too wide) in paragraph at lines 489--489
[]        \OT1/cmtt/m/n/10 RSTimer1.Enabled = True[] 
 []


Overfull \hbox (204.74821pt too wide) in paragraph at lines 489--489
[]        \OT1/cmtt/m/n/10 lt.Caption = Time & "  " & Date[] 
 []


Overfull \hbox (131.24886pt too wide) in paragraph at lines 489--489
[]        \OT1/cmtt/m/n/10 activeFlag = True[] 
 []


Overfull \hbox (125.9989pt too wide) in paragraph at lines 489--489
[]        \OT1/cmtt/m/n/10 saveFlag = False[] 
 []


Overfull \hbox (115.499pt too wide) in paragraph at lines 489--489
[]        \OT1/cmtt/m/n/10 flowON = False[] 
 []


Overfull \hbox (52.49954pt too wide) in paragraph at lines 489--489
[]        \OT1/cmtt/m/n/10 Do[] 
 []


Overfull \hbox (83.99927pt too wide) in paragraph at lines 489--489
[]        \OT1/cmtt/m/n/10 DoEvents[] 
 []


Overfull \hbox (157.49863pt too wide) in paragraph at lines 489--489
[]        \OT1/cmtt/m/n/10 If freqCount <> 0 Then[] 
 []


Overfull \hbox (199.49826pt too wide) in paragraph at lines 489--489
[]            \OT1/cmtt/m/n/10 RSTimerFlow.Enabled = True[] 
 []


Overfull \hbox (272.99762pt too wide) in paragraph at lines 489--489
[]            \OT1/cmtt/m/n/10 If flowON <> True Then fs.Caption = Time[] 
 []


Overfull \hbox (131.24886pt too wide) in paragraph at lines 489--489
[]            \OT1/cmtt/m/n/10 flowON = True[] 
 []


Overfull \hbox (73.49936pt too wide) in paragraph at lines 489--489
[]        \OT1/cmtt/m/n/10 End If[] 
 []


Overfull \hbox (299.24739pt too wide) in paragraph at lines 489--489
[]        \OT1/cmtt/m/n/10 If freqCount = 0 Then RSTimerFlow.Enabled = False[] 

 []


Overfull \hbox (194.2483pt too wide) in paragraph at lines 489--489
[]        \OT1/cmtt/m/n/10 Loop Until activeFlag = False[] 
 []


Overfull \hbox (146.99872pt too wide) in paragraph at lines 489--489
[]    \OT1/cmtt/m/n/10 RSTimer1.Enabled = False[] 
 []


Overfull \hbox (146.99872pt too wide) in paragraph at lines 489--489
[]    \OT1/cmtt/m/n/10 RSTimer2.Enabled = False[] 
 []


Overfull \hbox (146.99872pt too wide) in paragraph at lines 489--489
[]    \OT1/cmtt/m/n/10 RSTimer3.Enabled = False[] 
 []


Overfull \hbox (162.74858pt too wide) in paragraph at lines 489--489
[]    \OT1/cmtt/m/n/10 RSTimerFlow.Enabled = False[] 
 []


Overfull \hbox (188.99835pt too wide) in paragraph at lines 489--489
[]    \OT1/cmtt/m/n/10 cmdEnable.Caption = "Timers Off"[] 
 []


Overfull \hbox (152.24867pt too wide) in paragraph at lines 489--489
[]    \OT1/cmtt/m/n/10 cmdEnable.Enabled = False[] 
 []


Overfull \hbox (26.24977pt too wide) in paragraph at lines 489--489
[]\OT1/cmtt/m/n/10 c = 0[] 
 []


Overfull \hbox (31.49973pt too wide) in paragraph at lines 489--489
[]\OT1/cmtt/m/n/10 cc = 0[] 
 []


Overfull \hbox (36.74968pt too wide) in paragraph at lines 489--489
[]\OT1/cmtt/m/n/10 sum = 0[] 
 []


Overfull \hbox (89.24922pt too wide) in paragraph at lines 489--489
[]\OT1/cmtt/m/n/10 dataOut.Text = ""[] 
 []


Overfull \hbox (131.24886pt too wide) in paragraph at lines 489--489
[]\OT1/cmtt/m/n/10 For Each flow In flowData[] 
 []


Overfull \hbox (110.24904pt too wide) in paragraph at lines 489--489
[]    \OT1/cmtt/m/n/10 If flow <> 0 Then[] 
 []


Overfull \hbox (173.24849pt too wide) in paragraph at lines 489--489
[]        \OT1/cmtt/m/n/10 ReDim Preserve flowDat(c)[] 
 []


Overfull \hbox (173.24849pt too wide) in paragraph at lines 489--489
[]        \OT1/cmtt/m/n/10 ReDim Preserve timeDat(c)[] 
 []


Overfull \hbox (131.24886pt too wide) in paragraph at lines 489--489
[]        \OT1/cmtt/m/n/10 flowDat(c) = flow[] 
 []


Overfull \hbox (173.24849pt too wide) in paragraph at lines 489--489
[]        \OT1/cmtt/m/n/10 timeDat(c) = timeData(cc)[] 
 []


Overfull \hbox (309.7473pt too wide) in paragraph at lines 489--489
[]        \OT1/cmtt/m/n/10 dataOut.Text = dataOut.Text & vbCrLf & timeDat(c) &[
] 
 []


Overfull \hbox (183.7484pt too wide) in paragraph at lines 489--489
[]\OT1/cmtt/m/n/10 vbTab & Format$(flowDat(c), "0.00")[] 
 []


Overfull \hbox (157.49863pt too wide) in paragraph at lines 489--489
[]        \OT1/cmtt/m/n/10 sum = sum + flowDat(c)[] 
 []


Overfull \hbox (89.24922pt too wide) in paragraph at lines 489--489
[]        \OT1/cmtt/m/n/10 c = c + 1[] 
 []


Overfull \hbox (52.49954pt too wide) in paragraph at lines 489--489
[]    \OT1/cmtt/m/n/10 End If[] 
 []


Overfull \hbox (68.2494pt too wide) in paragraph at lines 489--489
[]    \OT1/cmtt/m/n/10 timeD = c[] 
 []


Overfull \hbox (57.7495pt too wide) in paragraph at lines 489--489
[]\OT1/cmtt/m/n/10 cc = cc + 1[] 
 []


Overfull \hbox (20.99982pt too wide) in paragraph at lines 489--489
[]\OT1/cmtt/m/n/10 Next[] 
 []


Overfull \hbox (335.99707pt too wide) in paragraph at lines 489--489
[]\OT1/cmtt/m/n/10 dataOut.Text = dataOut.Text & vbCrLf & "Time = " & CStr(time
D) &[] 
 []


Overfull \hbox (173.24849pt too wide) in paragraph at lines 489--489
[]\OT1/cmtt/m/n/10 vbCrLf & "Sample# = " & CStr(sum)[] 
 []


Overfull \hbox (141.74876pt too wide) in paragraph at lines 489--489
[]\OT1/cmtt/m/n/10 RSTimerFlow.Enabled = False[] 
 []


Overfull \hbox (178.49844pt too wide) in paragraph at lines 489--489
[]\OT1/cmtt/m/n/10 'calibrationConst = timeD / volume[] 
 []


Overfull \hbox (162.74858pt too wide) in paragraph at lines 489--489
[]\OT1/cmtt/m/n/10 calibrationConst = volume / sum[] 
 []


Overfull \hbox (204.74821pt too wide) in paragraph at lines 489--489
[]\OT1/cmtt/m/n/10 cConstant.Text = CStr(calibrationConst)[] 
 []


Overfull \hbox (141.74876pt too wide) in paragraph at lines 489--489
[]\OT1/cmtt/m/n/10 cmdCalibrate.Enabled = True[] 
 []


Overfull \hbox (125.9989pt too wide) in paragraph at lines 489--489
[]\OT1/cmtt/m/n/10 cmdLaunch.Enabled = True[] 
 []


Overfull \hbox (115.499pt too wide) in paragraph at lines 489--489
[]\OT1/cmtt/m/n/10 cmdQuit.Enabled = True[] 
 []


Overfull \hbox (120.74895pt too wide) in paragraph at lines 489--489
[]\OT1/cmtt/m/n/10 cmdStop.Enabled = False[] 
 []


Overfull \hbox (120.74895pt too wide) in paragraph at lines 489--489
[]\OT1/cmtt/m/n/10 cmdReset.Enabled = True[] 
 []


Overfull \hbox (36.74968pt too wide) in paragraph at lines 489--489
[]\OT1/cmtt/m/n/10 End Sub[] 
 []


Overfull \hbox (152.24867pt too wide) in paragraph at lines 489--489
[]\OT1/cmtt/m/n/10 Private Sub cmdEnable_Click()[] 
 []


Overfull \hbox (204.74821pt too wide) in paragraph at lines 489--489
[]\OT1/cmtt/m/n/10 If (cmdEnable.Caption = "Disable") Then[] 
 []


Overfull \hbox (146.99872pt too wide) in paragraph at lines 489--489
[]    \OT1/cmtt/m/n/10 RSTimer1.Enabled = False[] 
 []


Overfull \hbox (146.99872pt too wide) in paragraph at lines 489--489
[]    \OT1/cmtt/m/n/10 RSTimer2.Enabled = False[] 
 []


Overfull \hbox (146.99872pt too wide) in paragraph at lines 489--489
[]    \OT1/cmtt/m/n/10 RSTimer3.Enabled = False[] 
 []


Overfull \hbox (162.74858pt too wide) in paragraph at lines 489--489
[]    \OT1/cmtt/m/n/10 RSTimerFlow.Enabled = False[] 
 []


Overfull \hbox (188.99835pt too wide) in paragraph at lines 489--489
[]    \OT1/cmtt/m/n/10 cmdEnable.Caption = "Timers Off"[] 
 []


Overfull \hbox (152.24867pt too wide) in paragraph at lines 489--489
[]    \OT1/cmtt/m/n/10 cmdEnable.Enabled = False[] 
 []


Overfull \hbox (31.49973pt too wide) in paragraph at lines 489--489
[]\OT1/cmtt/m/n/10 End If[] 
 []


Overfull \hbox (36.74968pt too wide) in paragraph at lines 489--489
[]\OT1/cmtt/m/n/10 End Sub[] 
 []


Overfull \hbox (141.74876pt too wide) in paragraph at lines 489--489
[]\OT1/cmtt/m/n/10 Private Sub cmdStop_Click()[] 
 []


Overfull \hbox (125.9989pt too wide) in paragraph at lines 489--489
[]\OT1/cmtt/m/n/10 RSTimer1.Enabled = False[] 
 []


Overfull \hbox (125.9989pt too wide) in paragraph at lines 489--489
[]\OT1/cmtt/m/n/10 RSTimer2.Enabled = False[] 
 []


Overfull \hbox (94.49918pt too wide) in paragraph at lines 489--489
[]\OT1/cmtt/m/n/10 activeFlag = False[] 
 []


Overfull \hbox (73.49936pt too wide) in paragraph at lines 489--489
[]\OT1/cmtt/m/n/10 flowON = False[] 
 []


Overfull \hbox (183.7484pt too wide) in paragraph at lines 489--489
[]        \OT1/cmtt/m/n/10 cmdCalibrate.Enabled = True[] 
 []


Overfull \hbox (167.99854pt too wide) in paragraph at lines 489--489
[]        \OT1/cmtt/m/n/10 cmdLaunch.Enabled = True[] 
 []


Overfull \hbox (157.49863pt too wide) in paragraph at lines 489--489
[]        \OT1/cmtt/m/n/10 cmdQuit.Enabled = True[] 
 []


Overfull \hbox (162.74858pt too wide) in paragraph at lines 489--489
[]        \OT1/cmtt/m/n/10 cmdStop.Enabled = False[] 
 []


Overfull \hbox (162.74858pt too wide) in paragraph at lines 489--489
[]        \OT1/cmtt/m/n/10 cmdReset.Enabled = True[] 
 []


Overfull \hbox (36.74968pt too wide) in paragraph at lines 489--489
[]\OT1/cmtt/m/n/10 End Sub[] 
 []


Overfull \hbox (141.74876pt too wide) in paragraph at lines 489--489
[]\OT1/cmtt/m/n/10 Private Sub cmdQuit_Click()[] 
 []


Overfull \hbox (125.9989pt too wide) in paragraph at lines 489--489
[]\OT1/cmtt/m/n/10 If saveFlag = False Then[] 
 []


Overfull \hbox (299.24739pt too wide) in paragraph at lines 489--489
[]\OT1/cmtt/m/n/10 MsgBox ("Data has not been saved. Please reset or save.")[] 

 []


Overfull \hbox (41.99963pt too wide) in paragraph at lines 489--489
[]\OT1/cmtt/m/n/10 Exit Sub[] 
 []


Overfull \hbox (31.49973pt too wide) in paragraph at lines 489--489
[]\OT1/cmtt/m/n/10 End If[] 
 []


Overfull \hbox (15.74986pt too wide) in paragraph at lines 489--489
[]\OT1/cmtt/m/n/10 End[] 
 []


Overfull \hbox (36.74968pt too wide) in paragraph at lines 489--489
[]\OT1/cmtt/m/n/10 End Sub[] 
 []


! LaTeX Error: \begin{document} ended by \end{small}.

See the LaTeX manual or LaTeX Companion for explanation.
Type  H <return>  for immediate help.
 ...                                              
                                                  
l.490 \end{small}
                 
Your command was ignored.
Type  I <command> <return>  to replace it with another command,
or  <return>  to continue without it.


! LaTeX Error: \begin{document} ended by \end{singlespace}.

See the LaTeX manual or LaTeX Companion for explanation.
Type  H <return>  for immediate help.
 ...                                              
                                                  
l.491 \end{singlespace}
                       
Your command was ignored.
Type  I <command> <return>  to replace it with another command,
or  <return>  to continue without it.

)
! Emergency stop.
<*> code.tex
            
*** (job aborted, no legal \end found)

 
Here is how much of TeX's memory you used:
 14 strings out of 495061
 202 string characters out of 1182621
 96095 words of memory out of 3000000
 3288 multiletter control sequences out of 15000+50000
 3808 words of font info for 15 fonts, out of 3000000 for 9000
 28 hyphenation exceptions out of 8191
 18i,4n,14p,391b,234s stack positions out of 5000i,500n,10000p,200000b,50000s
!  ==> Fatal error occurred, no output PDF file produced!
